<?xml version="1.0" encoding="UTF-8"?>
<!-- Generated by org.testng.reporters.JUnitXMLReporter -->
<testsuite ignored="0" hostname="Nanithan" failures="1" tests="1" name="Default test" time="57.624" errors="0" timestamp="2023-11-19T12:56:52 IST">
  <testcase classname="io.cucumber.testng.AbstractTestNGCucumberTests" name="runScenario" time="55.016">
    <failure type="java.lang.AssertionError" message="expected [BootCamp] but found [Complete this field.]">
      <![CDATA[java.lang.AssertionError: expected [BootCamp] but found [Complete this field.]
at org.testng.Assert.fail(Assert.java:99)
at org.testng.Assert.failNotEquals(Assert.java:1037)
at org.testng.Assert.assertEqualsImpl(Assert.java:140)
at org.testng.Assert.assertEquals(Assert.java:122)
at org.testng.Assert.assertEquals(Assert.java:629)
at org.testng.Assert.assertEquals(Assert.java:639)
at stepdefination.AlertWorkType.verify_the_alert_message(AlertWorkType.java:63)
at âœ½.verify the Alert message(file:///C:/Testleaf/SelPOMCucumber/src/test/java/features/AlertWorkType.feature:12)
]]>
    </failure>
  </testcase> <!-- runScenario -->
</testsuite> <!-- Default test -->
