<?xml version="1.0" encoding="UTF-8"?>
<testng-results ignored="0" total="1" passed="0" failed="1" skipped="0">
  <reporter-output>
  </reporter-output>
  <suite started-at="2023-11-19T12:55:54 IST" name="Default suite" finished-at="2023-11-19T12:56:52 IST" duration-ms="57624">
    <groups>
      <group name="cucumber">
        <method signature="AbstractTestNGCucumberTests.runScenario(io.cucumber.testng.PickleWrapper,io.cucumber.testng.FeatureWrapper)[pri:0, instance:testrunner.Runner@209da20d]" name="runScenario" class="io.cucumber.testng.AbstractTestNGCucumberTests"/>
      </group> <!-- cucumber -->
    </groups>
    <test started-at="2023-11-19T12:55:54 IST" name="Default test" finished-at="2023-11-19T12:56:52 IST" duration-ms="57624">
      <class name="testrunner.Runner">
        <test-method is-config="true" signature="setUpClass(org.testng.ITestContext)[pri:0, instance:testrunner.Runner@209da20d]" started-at="2023-11-19T12:55:54 IST" name="setUpClass" finished-at="2023-11-19T12:55:55 IST" duration-ms="698" status="PASS">
          <params>
            <param index="0">
              <value>
                <![CDATA[org.testng.TestRunner@3481ff98]]>
              </value>
            </param>
          </params>
          <reporter-output>
          </reporter-output>
        </test-method> <!-- setUpClass -->
        <test-method signature="runScenario(io.cucumber.testng.PickleWrapper,io.cucumber.testng.FeatureWrapper)[pri:0, instance:testrunner.Runner@209da20d]" started-at="2023-11-19T12:55:55 IST" name="runScenario" description="Runs Cucumber Scenarios" data-provider="scenarios" finished-at="2023-11-19T12:56:50 IST" duration-ms="55016" status="FAIL">
          <params>
            <param index="0">
              <value>
                <![CDATA["To validate Alert displayed for mandatory fields while creating work type"]]>
              </value>
            </param>
            <param index="1">
              <value>
                <![CDATA["Alert message for create work type"]]>
              </value>
            </param>
          </params>
          <exception class="java.lang.AssertionError">
            <message>
              <![CDATA[expected [BootCamp] but found [Complete this field.]]]>
            </message>
            <full-stacktrace>
              <![CDATA[java.lang.AssertionError: expected [BootCamp] but found [Complete this field.]
at org.testng.Assert.fail(Assert.java:99)
at org.testng.Assert.failNotEquals(Assert.java:1037)
at org.testng.Assert.assertEqualsImpl(Assert.java:140)
at org.testng.Assert.assertEquals(Assert.java:122)
at org.testng.Assert.assertEquals(Assert.java:629)
at org.testng.Assert.assertEquals(Assert.java:639)
at stepdefination.AlertWorkType.verify_the_alert_message(AlertWorkType.java:63)
at âœ½.verify the Alert message(file:///C:/Testleaf/SelPOMCucumber/src/test/java/features/AlertWorkType.feature:12)
]]>
            </full-stacktrace>
          </exception> <!-- java.lang.AssertionError -->
          <reporter-output>
          </reporter-output>
        </test-method> <!-- runScenario -->
        <test-method is-config="true" signature="tearDownClass()[pri:0, instance:testrunner.Runner@209da20d]" started-at="2023-11-19T12:56:50 IST" name="tearDownClass" finished-at="2023-11-19T12:56:52 IST" duration-ms="1848" status="PASS">
          <reporter-output>
          </reporter-output>
        </test-method> <!-- tearDownClass -->
      </class> <!-- testrunner.Runner -->
    </test> <!-- Default test -->
  </suite> <!-- Default suite -->
</testng-results>
