<?xml version="1.0" encoding="UTF-8"?>
<!-- Generated by org.testng.reporters.JUnitReportReporter -->
<testsuite hostname="Nanithan" failures="1" tests="1" name="testrunner.Runner" time="55.016" errors="0" timestamp="2023-11-19T12:56:52 IST" skipped="0">
  <testcase classname="testrunner.Runner" name="runScenario" time="55.016">
    <failure message="expected [BootCamp] but found [Complete this field.]" type="java.lang.AssertionError">
      <![CDATA[java.lang.AssertionError: expected [BootCamp] but found [Complete this field.]
at org.testng.Assert.fail(Assert.java:99)
at org.testng.Assert.failNotEquals(Assert.java:1037)
at org.testng.Assert.assertEqualsImpl(Assert.java:140)
at org.testng.Assert.assertEquals(Assert.java:122)
at org.testng.Assert.assertEquals(Assert.java:629)
at org.testng.Assert.assertEquals(Assert.java:639)
at stepdefination.AlertWorkType.verify_the_alert_message(AlertWorkType.java:63)
at âœ½.verify the Alert message(file:///C:/Testleaf/SelPOMCucumber/src/test/java/features/AlertWorkType.feature:12)
]]>
    </failure>
  </testcase> <!-- runScenario -->
  <system-out/>
</testsuite> <!-- testrunner.Runner -->
